\BOOKMARK [0][-]{chapter.1}{Deliverable I}{}% 1
\BOOKMARK [1][-]{section.1.1}{Project Summary}{chapter.1}% 2
\BOOKMARK [1][-]{section.1.2}{Suitable Options for External Exposure}{chapter.1}% 3
\BOOKMARK [0][-]{chapter.2}{Deliverable II}{}% 4
\BOOKMARK [1][-]{section.2.1}{Participants in Group Session}{chapter.2}% 5
\BOOKMARK [1][-]{section.2.2}{Title}{chapter.2}% 6
\BOOKMARK [1][-]{section.2.3}{Abstract}{chapter.2}% 7
\BOOKMARK [0][-]{chapter.3}{Deliverable III}{}% 8
\BOOKMARK [1][-]{section.3.1}{Summary of How to Present a Paper in Theoretical Computer Science: A Speaker\220s Guide for Students by Ian Parberry` `\045%%`\043`\04612\137`\137\137~~~\section.3.1}{chapter.3}% 9
\BOOKMARK [1][-]{section.3.2}{My Possible Major Weaknesses}{chapter.3}% 10
\BOOKMARK [0][-]{chapter.4}{Deliverable IV}{}% 11
\BOOKMARK [1][-]{section.4.1}{Group Session}{chapter.4}% 12
\BOOKMARK [1][-]{section.4.2}{Plenary Session}{chapter.4}% 13
\BOOKMARK [0][-]{chapter.5}{Deliverable V}{}% 14
\BOOKMARK [1][-]{section.5.1}{Group Session}{chapter.5}% 15
\BOOKMARK [1][-]{section.5.2}{Plenary Session}{chapter.5}% 16
\BOOKMARK [0][-]{chapter.6}{Deliverable VI}{}% 17
\BOOKMARK [1][-]{section.6.1}{Summary of How to Write an Abstract by Philip Koopman` `\045%%`\043`\04612\137`\137\137~~~\section.6.1}{chapter.6}% 18
\BOOKMARK [1][-]{section.6.2}{Motivation}{chapter.6}% 19
\BOOKMARK [1][-]{section.6.3}{Most Interesting Topics}{chapter.6}% 20
